<?xml version="1.0" encoding="UTF-8"?>
<testng-results ignored="0" total="1" passed="1" failed="0" skipped="0">
  <reporter-output>
  </reporter-output>
  <suite started-at="2023-08-03T23:58:43 IST" name="Default suite" finished-at="2023-08-03T23:59:11 IST" duration-ms="27901">
    <groups>
      <group name="cucumber">
        <method signature="AbstractTestNGCucumberTests.runScenario(io.cucumber.testng.PickleWrapper,io.cucumber.testng.FeatureWrapper)[pri:0, instance:TestRunner.RunnerTest@5fe94a96]" name="runScenario" class="io.cucumber.testng.AbstractTestNGCucumberTests"/>
      </group> <!-- cucumber -->
    </groups>
    <test started-at="2023-08-03T23:58:43 IST" name="Default test" finished-at="2023-08-03T23:59:11 IST" duration-ms="27901">
      <class name="TestRunner.RunnerTest">
        <test-method is-config="true" signature="setUpClass(org.testng.ITestContext)[pri:0, instance:TestRunner.RunnerTest@5fe94a96]" started-at="2023-08-03T23:58:43 IST" name="setUpClass" finished-at="2023-08-03T23:58:44 IST" duration-ms="1206" status="PASS">
          <params>
            <param index="0">
              <value>
                <![CDATA[org.testng.TestRunner@b428830]]>
              </value>
            </param>
          </params>
          <reporter-output>
          </reporter-output>
        </test-method> <!-- setUpClass -->
        <test-method signature="runScenario(io.cucumber.testng.PickleWrapper,io.cucumber.testng.FeatureWrapper)[pri:0, instance:TestRunner.RunnerTest@5fe94a96]" started-at="2023-08-03T23:58:44 IST" name="runScenario" description="Runs Cucumber Scenarios" data-provider="scenarios" finished-at="2023-08-03T23:59:06 IST" duration-ms="21291" status="PASS">
          <params>
            <param index="0">
              <value>
                <![CDATA["Test Login Functionality"]]>
              </value>
            </param>
            <param index="1">
              <value>
                <![CDATA["Test OrangeHRM Application"]]>
              </value>
            </param>
          </params>
          <reporter-output>
          </reporter-output>
        </test-method> <!-- runScenario -->
        <test-method is-config="true" signature="tearDownClass()[pri:0, instance:TestRunner.RunnerTest@5fe94a96]" started-at="2023-08-03T23:59:06 IST" name="tearDownClass" finished-at="2023-08-03T23:59:11 IST" duration-ms="5329" status="PASS">
          <reporter-output>
          </reporter-output>
        </test-method> <!-- tearDownClass -->
      </class> <!-- TestRunner.RunnerTest -->
    </test> <!-- Default test -->
  </suite> <!-- Default suite -->
</testng-results>
